<?xml version="1.0" encoding="UTF-8"?>
<!-- Generated by org.testng.reporters.JUnitReportReporter -->
<testsuite hostname="DESKTOP-P9KREN1" failures="0" tests="1" name="practies.CreateOrganisation" time="9.642" errors="1" timestamp="2021-06-22T09:53:54 IST" skipped="0">
  <testcase classname="practies.CreateOrganisation" name="CreateOrganisation" time="9.642">
    <error message="session not created: This version of ChromeDriver only supports Chrome version 89
Current browser version is 91.0.4472.106 with binary path C:\Program Files\Google\Chrome\Application\chrome.exe
Build info: version: &#039;3.141.59&#039;, revision: &#039;e82be7d358&#039;, time: &#039;2018-11-14T08:17:03&#039;
System info: host: &#039;DESKTOP-P9KREN1&#039;, ip: &#039;192.168.43.197&#039;, os.name: &#039;Windows 10&#039;, os.arch: &#039;amd64&#039;, os.version: &#039;10.0&#039;, java.version: &#039;15.0.2&#039;
Driver info: driver.version: ChromeDriver
remote stacktrace: Backtrace:
	Ordinal0 [0x0034E7D3+124883]
	Ordinal0 [0x0034E7B1+124849]
	GetHandleVerifier [0x00598688+193832]
	GetHandleVerifier [0x005B3AC5+305509]
	GetHandleVerifier [0x005B021B+291003]
	GetHandleVerifier [0x005AE0AC+282444]
	GetHandleVerifier [0x005D4A90+440624]
	GetHandleVerifier [0x005D47FC+439964]
	GetHandleVerifier [0x005D154B+426987]
	GetHandleVerifier [0x005B4FFD+310941]
	GetHandleVerifier [0x005B5D8E+314414]
	GetHandleVerifier [0x005B5D19+314297]
	GetHandleVerifier [0x006731EC+1089676]
	GetHandleVerifier [0x006717C9+1082985]
	GetHandleVerifier [0x006713A3+1081923]
	GetHandleVerifier [0x0076D9FD+2115741]
	Ordinal0 [0x0049B82E+1488942]
	Ordinal0 [0x00435A7D+1071741]
	Ordinal0 [0x0043559B+1070491]
	Ordinal0 [0x004354B1+1070257]
	Ordinal0 [0x0046FF53+1310547]
	BaseThreadInitThunk [0x76BEFA29+25]
	RtlGetAppContainerNamedObjectPath [0x77217A7E+286]
	RtlGetAppContainerNamedObjectPath [0x77217A4E+238]
" type="org.openqa.selenium.SessionNotCreatedException">
      <![CDATA[org.openqa.selenium.SessionNotCreatedException: session not created: This version of ChromeDriver only supports Chrome version 89
Current browser version is 91.0.4472.106 with binary path C:\Program Files\Google\Chrome\Application\chrome.exe
Build info: version: '3.141.59', revision: 'e82be7d358', time: '2018-11-14T08:17:03'
System info: host: 'DESKTOP-P9KREN1', ip: '192.168.43.197', os.name: 'Windows 10', os.arch: 'amd64', os.version: '10.0', java.version: '15.0.2'
Driver info: driver.version: ChromeDriver
remote stacktrace: Backtrace:
Ordinal0 [0x0034E7D3+124883]
Ordinal0 [0x0034E7B1+124849]
GetHandleVerifier [0x00598688+193832]
GetHandleVerifier [0x005B3AC5+305509]
GetHandleVerifier [0x005B021B+291003]
GetHandleVerifier [0x005AE0AC+282444]
GetHandleVerifier [0x005D4A90+440624]
GetHandleVerifier [0x005D47FC+439964]
GetHandleVerifier [0x005D154B+426987]
GetHandleVerifier [0x005B4FFD+310941]
GetHandleVerifier [0x005B5D8E+314414]
GetHandleVerifier [0x005B5D19+314297]
GetHandleVerifier [0x006731EC+1089676]
GetHandleVerifier [0x006717C9+1082985]
GetHandleVerifier [0x006713A3+1081923]
GetHandleVerifier [0x0076D9FD+2115741]
Ordinal0 [0x0049B82E+1488942]
Ordinal0 [0x00435A7D+1071741]
Ordinal0 [0x0043559B+1070491]
Ordinal0 [0x004354B1+1070257]
Ordinal0 [0x0046FF53+1310547]
BaseThreadInitThunk [0x76BEFA29+25]
RtlGetAppContainerNamedObjectPath [0x77217A7E+286]
RtlGetAppContainerNamedObjectPath [0x77217A4E+238]

at java.base/jdk.internal.reflect.NativeConstructorAccessorImpl.newInstance0(Native Method)
at java.base/jdk.internal.reflect.NativeConstructorAccessorImpl.newInstance(NativeConstructorAccessorImpl.java:64)
at java.base/jdk.internal.reflect.DelegatingConstructorAccessorImpl.newInstance(DelegatingConstructorAccessorImpl.java:45)
at java.base/java.lang.reflect.Constructor.newInstanceWithCaller(Constructor.java:500)
at java.base/java.lang.reflect.Constructor.newInstance(Constructor.java:481)
at org.openqa.selenium.remote.W3CHandshakeResponse.lambda$errorHandler$0(W3CHandshakeResponse.java:62)
at org.openqa.selenium.remote.HandshakeResponse.lambda$getResponseFunction$0(HandshakeResponse.java:30)
at org.openqa.selenium.remote.ProtocolHandshake.lambda$createSession$0(ProtocolHandshake.java:126)
at java.base/java.util.stream.ReferencePipeline$3$1.accept(ReferencePipeline.java:195)
at java.base/java.util.Spliterators$ArraySpliterator.tryAdvance(Spliterators.java:958)
at java.base/java.util.stream.ReferencePipeline.forEachWithCancel(ReferencePipeline.java:127)
at java.base/java.util.stream.AbstractPipeline.copyIntoWithCancel(AbstractPipeline.java:502)
at java.base/java.util.stream.AbstractPipeline.copyInto(AbstractPipeline.java:488)
at java.base/java.util.stream.AbstractPipeline.wrapAndCopyInto(AbstractPipeline.java:474)
at java.base/java.util.stream.FindOps$FindOp.evaluateSequential(FindOps.java:150)
at java.base/java.util.stream.AbstractPipeline.evaluate(AbstractPipeline.java:234)
at java.base/java.util.stream.ReferencePipeline.findFirst(ReferencePipeline.java:543)
at org.openqa.selenium.remote.ProtocolHandshake.createSession(ProtocolHandshake.java:128)
at org.openqa.selenium.remote.ProtocolHandshake.createSession(ProtocolHandshake.java:74)
at org.openqa.selenium.remote.HttpCommandExecutor.execute(HttpCommandExecutor.java:136)
at org.openqa.selenium.remote.service.DriverCommandExecutor.execute(DriverCommandExecutor.java:83)
at org.openqa.selenium.remote.RemoteWebDriver.execute(RemoteWebDriver.java:552)
at org.openqa.selenium.remote.RemoteWebDriver.startSession(RemoteWebDriver.java:213)
at org.openqa.selenium.remote.RemoteWebDriver.<init>(RemoteWebDriver.java:131)
at org.openqa.selenium.chrome.ChromeDriver.<init>(ChromeDriver.java:181)
at org.openqa.selenium.chrome.ChromeDriver.<init>(ChromeDriver.java:168)
at org.openqa.selenium.chrome.ChromeDriver.<init>(ChromeDriver.java:123)
at practies.CreateOrganisation.CreateOrganisation(CreateOrganisation.java:14)
at java.base/jdk.internal.reflect.NativeMethodAccessorImpl.invoke0(Native Method)
at java.base/jdk.internal.reflect.NativeMethodAccessorImpl.invoke(NativeMethodAccessorImpl.java:64)
at java.base/jdk.internal.reflect.DelegatingMethodAccessorImpl.invoke(DelegatingMethodAccessorImpl.java:43)
at java.base/java.lang.reflect.Method.invoke(Method.java:564)
at org.testng.internal.MethodInvocationHelper.invokeMethod(MethodInvocationHelper.java:133)
at org.testng.internal.TestInvoker.invokeMethod(TestInvoker.java:598)
at org.testng.internal.TestInvoker.invokeTestMethod(TestInvoker.java:173)
at org.testng.internal.MethodRunner.runInSequence(MethodRunner.java:46)
at org.testng.internal.TestInvoker$MethodInvocationAgent.invoke(TestInvoker.java:824)
at org.testng.internal.TestInvoker.invokeTestMethods(TestInvoker.java:146)
at org.testng.internal.TestMethodWorker.invokeTestMethods(TestMethodWorker.java:146)
at org.testng.internal.TestMethodWorker.run(TestMethodWorker.java:128)
at java.base/java.util.ArrayList.forEach(ArrayList.java:1511)
at org.testng.TestRunner.privateRun(TestRunner.java:794)
at org.testng.TestRunner.run(TestRunner.java:596)
at org.testng.SuiteRunner.runTest(SuiteRunner.java:377)
at org.testng.SuiteRunner.runSequentially(SuiteRunner.java:371)
at org.testng.SuiteRunner.privateRun(SuiteRunner.java:332)
at org.testng.SuiteRunner.run(SuiteRunner.java:276)
at org.testng.SuiteRunnerWorker.runSuite(SuiteRunnerWorker.java:53)
at org.testng.SuiteRunnerWorker.run(SuiteRunnerWorker.java:96)
at org.testng.TestNG.runSuitesSequentially(TestNG.java:1212)
at org.testng.TestNG.runSuitesLocally(TestNG.java:1134)
at org.testng.TestNG.runSuites(TestNG.java:1063)
at org.testng.TestNG.run(TestNG.java:1031)
at org.testng.remote.AbstractRemoteTestNG.run(AbstractRemoteTestNG.java:115)
at org.testng.remote.RemoteTestNG.initAndRun(RemoteTestNG.java:251)
at org.testng.remote.RemoteTestNG.main(RemoteTestNG.java:77)
]]>
    </error>
  </testcase> <!-- CreateOrganisation -->
  <system-out/>
</testsuite> <!-- practies.CreateOrganisation -->
